2020-08-14 09:38:23.680  INFO [,,,] 3684 --- [main] c.c.c.ConfigServicePropertySourceLocator : Fetching config from server at : http://localhost:4000
2020-08-14 09:38:25.525  INFO [,,,] 3684 --- [main] c.c.c.ConfigServicePropertySourceLocator : Located environment: name=user-service, profiles=[default], label=null, version=70832fcb5f104a05f8587bb8fd2b1e01e5ed0bf8, state=null
2020-08-14 09:38:25.527  INFO [,,,] 3684 --- [main] b.c.PropertySourceBootstrapConfiguration : Located property source: [BootstrapPropertySource {name='bootstrapProperties-configClient'}, BootstrapPropertySource {name='bootstrapProperties-https://github.com/kirishanthchethurajah/apicloudconfigserver/user-service.yml'}, BootstrapPropertySource {name='bootstrapProperties-https://github.com/kirishanthchethurajah/apicloudconfigserver/application.yml'}]
2020-08-14 09:38:25.588  INFO [user-service,,,] 3684 --- [main] c.k.m.u.UserServiceApplicationTests      : No active profile set, falling back to default profiles: default
2020-08-14 09:38:26.693  WARN [user-service,,,] 3684 --- [main] o.s.boot.actuate.endpoint.EndpointId     : Endpoint ID 'bus-env' contains invalid characters, please migrate to a valid format.
2020-08-14 09:38:26.973  INFO [user-service,,,] 3684 --- [main] .s.d.r.c.RepositoryConfigurationDelegate : Bootstrapping Spring Data JPA repositories in DEFERRED mode.
2020-08-14 09:38:27.251  INFO [user-service,,,] 3684 --- [main] .s.d.r.c.RepositoryConfigurationDelegate : Finished Spring Data repository scanning in 257ms. Found 1 JPA repository interfaces.
2020-08-14 09:38:27.329  WARN [user-service,,,] 3684 --- [main] o.s.boot.actuate.endpoint.EndpointId     : Endpoint ID 'bus-refresh' contains invalid characters, please migrate to a valid format.
2020-08-14 09:38:27.418  WARN [user-service,,,] 3684 --- [main] o.s.boot.actuate.endpoint.EndpointId     : Endpoint ID 'service-registry' contains invalid characters, please migrate to a valid format.
2020-08-14 09:38:27.554  WARN [user-service,,,] 3684 --- [main] o.s.boot.actuate.endpoint.EndpointId     : Endpoint ID 'hystrix.stream' contains invalid characters, please migrate to a valid format.
2020-08-14 09:38:27.933  INFO [user-service,,,] 3684 --- [main] o.s.cloud.context.scope.GenericScope     : BeanFactory id=a6011880-8300-3a65-9b0c-eb2e99826fef
2020-08-14 09:38:28.045  INFO [user-service,,,] 3684 --- [main] faultConfiguringBeanFactoryPostProcessor : No bean named 'errorChannel' has been explicitly defined. Therefore, a default PublishSubscribeChannel will be created.
2020-08-14 09:38:28.054  INFO [user-service,,,] 3684 --- [main] faultConfiguringBeanFactoryPostProcessor : No bean named 'taskScheduler' has been explicitly defined. Therefore, a default ThreadPoolTaskScheduler will be created.
2020-08-14 09:38:28.065  INFO [user-service,,,] 3684 --- [main] faultConfiguringBeanFactoryPostProcessor : No bean named 'integrationHeaderChannelRegistry' has been explicitly defined. Therefore, a default DefaultHeaderChannelRegistry will be created.
2020-08-14 09:38:28.608  INFO [user-service,,,] 3684 --- [main] trationDelegate$BeanPostProcessorChecker : Bean 'integrationChannelResolver' of type [org.springframework.integration.support.channel.BeanFactoryChannelResolver] is not eligible for getting processed by all BeanPostProcessors (for example: not eligible for auto-proxying)
2020-08-14 09:38:28.619  INFO [user-service,,,] 3684 --- [main] trationDelegate$BeanPostProcessorChecker : Bean 'integrationDisposableAutoCreatedBeans' of type [org.springframework.integration.config.annotation.Disposables] is not eligible for getting processed by all BeanPostProcessors (for example: not eligible for auto-proxying)
2020-08-14 09:38:28.688  INFO [user-service,,,] 3684 --- [main] trationDelegate$BeanPostProcessorChecker : Bean 'org.springframework.integration.config.IntegrationManagementConfiguration' of type [org.springframework.integration.config.IntegrationManagementConfiguration] is not eligible for getting processed by all BeanPostProcessors (for example: not eligible for auto-proxying)
2020-08-14 09:38:29.363  INFO [user-service,,,] 3684 --- [main] o.s.s.concurrent.ThreadPoolTaskExecutor  : Initializing ExecutorService 'applicationTaskExecutor'
2020-08-14 09:38:29.529  INFO [user-service,,,] 3684 --- [main] o.s.s.c.ThreadPoolTaskScheduler          : Initializing ExecutorService 'taskScheduler'
2020-08-14 09:38:29.651  INFO [user-service,,,] 3684 --- [task-1] o.hibernate.jpa.internal.util.LogHelper  : HHH000204: Processing PersistenceUnitInfo [name: default]
2020-08-14 09:38:29.767  INFO [user-service,,,] 3684 --- [task-1] org.hibernate.Version                    : HHH000412: Hibernate ORM core version 5.4.18.Final
2020-08-14 09:38:29.888  WARN [user-service,,,] 3684 --- [main] JpaBaseConfiguration$JpaWebConfiguration : spring.jpa.open-in-view is enabled by default. Therefore, database queries may be performed during view rendering. Explicitly configure spring.jpa.open-in-view to disable this warning
2020-08-14 09:38:30.005  INFO [user-service,,,] 3684 --- [task-1] o.hibernate.annotations.common.Version   : HCANN000001: Hibernate Commons Annotations {5.1.0.Final}
2020-08-14 09:38:30.207  WARN [user-service,,,] 3684 --- [main] c.n.c.sources.URLConfigurationSource     : No URLs will be polled as dynamic configuration sources.
2020-08-14 09:38:30.207  INFO [user-service,,,] 3684 --- [main] c.n.c.sources.URLConfigurationSource     : To enable URLs as dynamic configuration sources, define System property archaius.configurationSource.additionalUrls or make config.properties available on classpath.
2020-08-14 09:38:30.237  INFO [user-service,,,] 3684 --- [main] c.netflix.config.DynamicPropertyFactory  : DynamicPropertyFactory is initialized with configuration sources: com.netflix.config.ConcurrentCompositeConfiguration@38093ffe
2020-08-14 09:38:30.745  INFO [user-service,,,] 3684 --- [task-1] com.zaxxer.hikari.HikariDataSource       : HikariPool-1 - Starting...
2020-08-14 09:38:30.767  INFO [user-service,,,] 3684 --- [main] DeferredRepositoryInitializationListener : Triggering deferred initialization of Spring Data repositories…
2020-08-14 09:38:31.304  INFO [user-service,,,] 3684 --- [task-1] com.zaxxer.hikari.HikariDataSource       : HikariPool-1 - Start completed.
2020-08-14 09:38:31.358  INFO [user-service,,,] 3684 --- [task-1] org.hibernate.dialect.Dialect            : HHH000400: Using dialect: org.hibernate.dialect.MySQL8Dialect
2020-08-14 09:38:32.428  INFO [user-service,,,] 3684 --- [task-1] o.h.e.t.j.p.i.JtaPlatformInitiator       : HHH000490: Using JtaPlatform implementation: [org.hibernate.engine.transaction.jta.platform.internal.NoJtaPlatform]
2020-08-14 09:38:32.439  INFO [user-service,,,] 3684 --- [task-1] j.LocalContainerEntityManagerFactoryBean : Initialized JPA EntityManagerFactory for persistence unit 'default'
2020-08-14 09:38:32.856  INFO [user-service,,,] 3684 --- [main] DeferredRepositoryInitializationListener : Spring Data repositories initialized!
2020-08-14 09:38:33.549  INFO [user-service,,,] 3684 --- [main] o.s.s.web.DefaultSecurityFilterChain     : Creating filter chain: any request, [org.springframework.security.web.context.request.async.WebAsyncManagerIntegrationFilter@6dadcf58, org.springframework.security.web.context.SecurityContextPersistenceFilter@53a3fc8b, org.springframework.security.web.header.HeaderWriterFilter@242c4a94, org.springframework.security.web.authentication.logout.LogoutFilter@6c92a59d, com.kira.micro.userservice.filter.AuthenticationFilter@467421cc, org.springframework.security.web.savedrequest.RequestCacheAwareFilter@1d884a19, org.springframework.security.web.servletapi.SecurityContextHolderAwareRequestFilter@6b7a0f18, org.springframework.security.web.authentication.AnonymousAuthenticationFilter@eb09112, org.springframework.security.web.session.SessionManagementFilter@10ffe32f, org.springframework.security.web.access.ExceptionTranslationFilter@1fce6eb4, org.springframework.security.web.access.intercept.FilterSecurityInterceptor@8aafd70]
2020-08-14 09:38:33.813  WARN [user-service,,,] 3684 --- [main] c.n.c.sources.URLConfigurationSource     : No URLs will be polled as dynamic configuration sources.
2020-08-14 09:38:33.814  INFO [user-service,,,] 3684 --- [main] c.n.c.sources.URLConfigurationSource     : To enable URLs as dynamic configuration sources, define System property archaius.configurationSource.additionalUrls or make config.properties available on classpath.
2020-08-14 09:38:35.722  WARN [user-service,,,] 3684 --- [main] o.s.c.s.zipkin2.ZipkinAutoConfiguration  : Check result of the [org.springframework.cloud.sleuth.zipkin2.sender.RestTemplateSender@6cee6eb7] contains an error [CheckResult{ok=false, error=org.springframework.web.client.ResourceAccessException: I/O error on POST request for "http://localhost:9411/api/v2/spans": connect timed out; nested exception is java.net.SocketTimeoutException: connect timed out}]
2020-08-14 09:38:36.495  INFO [user-service,,,] 3684 --- [main] onConfiguration$FunctionBindingRegistrar : Functional binding is disabled due to the presense of @EnableBinding annotation in your configuration
2020-08-14 09:38:37.026  INFO [user-service,,,] 3684 --- [main] o.s.b.a.h2.H2ConsoleAutoConfiguration    : H2 console available at '/h2-console'. Database available at 'jdbc:mysql://localhost:3306/photoapp?serverTimezone=UTC'
2020-08-14 09:38:38.916  WARN [user-service,,,] 3684 --- [main] ockingLoadBalancerClientRibbonWarnLogger : You already have RibbonLoadBalancerClient on your classpath. It will be used by default. As Spring Cloud Ribbon is in maintenance mode. We recommend switching to BlockingLoadBalancerClient instead. In order to use it, set the value of `spring.cloud.loadbalancer.ribbon.enabled` to `false` or remove spring-cloud-starter-netflix-ribbon from your project.
2020-08-14 09:38:40.175  INFO [user-service,,,] 3684 --- [main] o.s.b.a.e.web.EndpointLinksResolver      : Exposing 1 endpoint(s) beneath base path '/actuator'
2020-08-14 09:38:40.594  INFO [user-service,,,] 3684 --- [main] o.s.c.s.m.DirectWithAttributesChannel    : Channel 'application-1.springCloudBusInput' has 1 subscriber(s).
2020-08-14 09:38:40.635  INFO [user-service,,,] 3684 --- [main] o.s.i.endpoint.EventDrivenConsumer       : Adding {logging-channel-adapter:_org.springframework.integration.errorLogger} as a subscriber to the 'errorChannel' channel
2020-08-14 09:38:40.635  INFO [user-service,,,] 3684 --- [main] o.s.i.channel.PublishSubscribeChannel    : Channel 'application-1.errorChannel' has 1 subscriber(s).
2020-08-14 09:38:40.636  INFO [user-service,,,] 3684 --- [main] o.s.i.endpoint.EventDrivenConsumer       : started bean '_org.springframework.integration.errorLogger'
2020-08-14 09:38:40.639  INFO [user-service,,,] 3684 --- [main] o.s.c.s.binder.DefaultBinderFactory      : Creating binder: rabbit
2020-08-14 09:38:41.278  INFO [user-service,,,] 3684 --- [main] c.c.c.ConfigServicePropertySourceLocator : Fetching config from server at : http://localhost:4000
2020-08-14 09:38:42.804  INFO [user-service,,,] 3684 --- [main] c.c.c.ConfigServicePropertySourceLocator : Located environment: name=user-service, profiles=[default], label=null, version=70832fcb5f104a05f8587bb8fd2b1e01e5ed0bf8, state=null
2020-08-14 09:38:42.805  INFO [user-service,,,] 3684 --- [main] b.c.PropertySourceBootstrapConfiguration : Located property source: [BootstrapPropertySource {name='bootstrapProperties-configClient'}, BootstrapPropertySource {name='bootstrapProperties-https://github.com/kirishanthchethurajah/apicloudconfigserver/user-service.yml'}, BootstrapPropertySource {name='bootstrapProperties-https://github.com/kirishanthchethurajah/apicloudconfigserver/application.yml'}]
2020-08-14 09:38:42.958  INFO [user-service,,,] 3684 --- [main] DeferredRepositoryInitializationListener : Triggering deferred initialization of Spring Data repositories…
2020-08-14 09:38:42.959  INFO [user-service,,,] 3684 --- [main] DeferredRepositoryInitializationListener : Spring Data repositories initialized!
2020-08-14 09:38:43.020  INFO [user-service,,,] 3684 --- [main] o.s.c.s.binder.DefaultBinderFactory      : Caching the binder: rabbit
2020-08-14 09:38:43.020  INFO [user-service,,,] 3684 --- [main] o.s.c.s.binder.DefaultBinderFactory      : Retrieving cached binder: rabbit
2020-08-14 09:38:43.161  INFO [user-service,,,] 3684 --- [main] o.s.a.r.c.CachingConnectionFactory       : Attempting to connect to: [localhost:5672]
2020-08-14 09:38:43.279  INFO [user-service,,,] 3684 --- [main] o.s.a.r.c.CachingConnectionFactory       : Created new connection: rabbitConnectionFactory#15200332:0/SimpleConnection@14ea1252 [delegate=amqp://guest@127.0.0.1:5672/, localPort= 3557]
2020-08-14 09:38:43.334  INFO [user-service,,,] 3684 --- [main] o.s.c.s.m.DirectWithAttributesChannel    : Channel 'application-1.springCloudBusOutput' has 1 subscriber(s).
2020-08-14 09:38:43.353  INFO [user-service,,,] 3684 --- [main] o.s.c.n.eureka.InstanceInfoFactory       : Setting initial instance status as: STARTING
2020-08-14 09:38:43.412  INFO [user-service,,,] 3684 --- [main] com.netflix.discovery.DiscoveryClient    : Initializing Eureka in region us-east-1
2020-08-14 09:38:43.512  INFO [user-service,,,] 3684 --- [main] c.n.d.provider.DiscoveryJerseyProvider   : Using JSON encoding codec LegacyJacksonJson
2020-08-14 09:38:43.513  INFO [user-service,,,] 3684 --- [main] c.n.d.provider.DiscoveryJerseyProvider   : Using JSON decoding codec LegacyJacksonJson
2020-08-14 09:38:43.699  INFO [user-service,,,] 3684 --- [main] c.n.d.provider.DiscoveryJerseyProvider   : Using XML encoding codec XStreamXml
2020-08-14 09:38:43.700  INFO [user-service,,,] 3684 --- [main] c.n.d.provider.DiscoveryJerseyProvider   : Using XML decoding codec XStreamXml
2020-08-14 09:38:43.967  INFO [user-service,,,] 3684 --- [main] c.n.d.s.r.aws.ConfigClusterResolver      : Resolving eureka endpoints via configuration
2020-08-14 09:38:44.428  INFO [user-service,,,] 3684 --- [main] com.netflix.discovery.DiscoveryClient    : Disable delta property : false
2020-08-14 09:38:44.428  INFO [user-service,,,] 3684 --- [main] com.netflix.discovery.DiscoveryClient    : Single vip registry refresh property : null
2020-08-14 09:38:44.429  INFO [user-service,,,] 3684 --- [main] com.netflix.discovery.DiscoveryClient    : Force full registry fetch : false
2020-08-14 09:38:44.429  INFO [user-service,,,] 3684 --- [main] com.netflix.discovery.DiscoveryClient    : Application is null : false
2020-08-14 09:38:44.430  INFO [user-service,,,] 3684 --- [main] com.netflix.discovery.DiscoveryClient    : Registered Applications size is zero : true
2020-08-14 09:38:44.430  INFO [user-service,,,] 3684 --- [main] com.netflix.discovery.DiscoveryClient    : Application version is -1: true
2020-08-14 09:38:44.430  INFO [user-service,,,] 3684 --- [main] com.netflix.discovery.DiscoveryClient    : Getting all instance registry info from the eureka server
2020-08-14 09:38:44.591  INFO [user-service,,,] 3684 --- [main] com.netflix.discovery.DiscoveryClient    : The response status is 200
2020-08-14 09:38:44.593  INFO [user-service,,,] 3684 --- [main] com.netflix.discovery.DiscoveryClient    : Starting heartbeat executor: renew interval is: 30
2020-08-14 09:38:44.597  INFO [user-service,,,] 3684 --- [main] c.n.discovery.InstanceInfoReplicator     : InstanceInfoReplicator onDemand update allowed rate per min is 4
2020-08-14 09:38:44.604  INFO [user-service,,,] 3684 --- [main] com.netflix.discovery.DiscoveryClient    : Discovery Client initialized at timestamp 1597390724603 with initial instances count: 0
2020-08-14 09:38:44.625  INFO [user-service,,,] 3684 --- [main] o.s.c.n.e.s.EurekaServiceRegistry        : Registering application USER-SERVICE with eureka with status UP
2020-08-14 09:38:44.626  INFO [user-service,,,] 3684 --- [main] com.netflix.discovery.DiscoveryClient    : Saw local status change event StatusChangeEvent [timestamp=1597390724626, current=UP, previous=STARTING]
2020-08-14 09:38:44.629  INFO [user-service,,,] 3684 --- [DiscoveryClient-InstanceInfoReplicator-0] com.netflix.discovery.DiscoveryClient    : DiscoveryClient_USER-SERVICE/user-service:3c12b5838d92337565ac84462a666436: registering service...
2020-08-14 09:38:44.630  INFO [user-service,,,] 3684 --- [main] o.s.c.s.binder.DefaultBinderFactory      : Retrieving cached binder: rabbit
2020-08-14 09:38:44.704  INFO [user-service,,,] 3684 --- [DiscoveryClient-InstanceInfoReplicator-0] com.netflix.discovery.DiscoveryClient    : DiscoveryClient_USER-SERVICE/user-service:3c12b5838d92337565ac84462a666436 - registration status: 204
2020-08-14 09:38:44.739  INFO [user-service,,,] 3684 --- [main] c.s.b.r.p.RabbitExchangeQueueProvisioner : declaring queue for inbound: springCloudBus.anonymous.jo-j0WDER_agbsF9nKloMA, bound to: springCloudBus
2020-08-14 09:38:44.792  INFO [user-service,,,] 3684 --- [main] o.s.c.stream.binder.BinderErrorChannel   : Channel 'springCloudBus.anonymous.jo-j0WDER_agbsF9nKloMA.errors' has 1 subscriber(s).
2020-08-14 09:38:44.793  INFO [user-service,,,] 3684 --- [main] o.s.c.stream.binder.BinderErrorChannel   : Channel 'springCloudBus.anonymous.jo-j0WDER_agbsF9nKloMA.errors' has 2 subscriber(s).
2020-08-14 09:38:44.819  INFO [user-service,,,] 3684 --- [main] o.s.i.a.i.AmqpInboundChannelAdapter      : started bean 'inbound.springCloudBus.anonymous.jo-j0WDER_agbsF9nKloMA'
2020-08-14 09:38:44.822  INFO [user-service,,,] 3684 --- [main] DeferredRepositoryInitializationListener : Triggering deferred initialization of Spring Data repositories…
2020-08-14 09:38:44.823  INFO [user-service,,,] 3684 --- [main] DeferredRepositoryInitializationListener : Spring Data repositories initialized!
2020-08-14 09:38:44.921  INFO [user-service,,,] 3684 --- [main] c.k.m.u.UserServiceApplicationTests      : Started UserServiceApplicationTests in 23.236 seconds (JVM running for 24.615)
2020-08-14 09:38:45.259  INFO [user-service,,,] 3684 --- [SpringContextShutdownHook] o.s.c.n.e.s.EurekaServiceRegistry        : Unregistering application USER-SERVICE with eureka with status DOWN
2020-08-14 09:38:45.259  WARN [user-service,,,] 3684 --- [SpringContextShutdownHook] com.netflix.discovery.DiscoveryClient    : Saw local status change event StatusChangeEvent [timestamp=1597390725259, current=DOWN, previous=UP]
2020-08-14 09:38:45.259  INFO [user-service,,,] 3684 --- [DiscoveryClient-InstanceInfoReplicator-0] com.netflix.discovery.DiscoveryClient    : DiscoveryClient_USER-SERVICE/user-service:3c12b5838d92337565ac84462a666436: registering service...
2020-08-14 09:38:45.266  INFO [user-service,,,] 3684 --- [DiscoveryClient-InstanceInfoReplicator-0] com.netflix.discovery.DiscoveryClient    : DiscoveryClient_USER-SERVICE/user-service:3c12b5838d92337565ac84462a666436 - registration status: 204
2020-08-14 09:38:45.285  INFO [user-service,,,] 3684 --- [SpringContextShutdownHook] o.s.a.r.l.SimpleMessageListenerContainer : Waiting for workers to finish.
2020-08-14 09:38:45.822  INFO [user-service,,,] 3684 --- [SpringContextShutdownHook] o.s.a.r.l.SimpleMessageListenerContainer : Successfully waited for workers to finish.
2020-08-14 09:38:45.822  INFO [user-service,,,] 3684 --- [SpringContextShutdownHook] o.s.i.a.i.AmqpInboundChannelAdapter      : stopped bean 'inbound.springCloudBus.anonymous.jo-j0WDER_agbsF9nKloMA'
2020-08-14 09:38:45.880  INFO [user-service,,,] 3684 --- [SpringContextShutdownHook] o.s.c.stream.binder.BinderErrorChannel   : Channel 'application-1.springCloudBus.anonymous.jo-j0WDER_agbsF9nKloMA.errors' has 1 subscriber(s).
2020-08-14 09:38:45.881  INFO [user-service,,,] 3684 --- [SpringContextShutdownHook] o.s.c.stream.binder.BinderErrorChannel   : Channel 'application-1.springCloudBus.anonymous.jo-j0WDER_agbsF9nKloMA.errors' has 0 subscriber(s).
2020-08-14 09:38:45.885  INFO [user-service,,,] 3684 --- [SpringContextShutdownHook] o.s.i.endpoint.EventDrivenConsumer       : Removing {logging-channel-adapter:_org.springframework.integration.errorLogger} as a subscriber to the 'errorChannel' channel
2020-08-14 09:38:45.885  INFO [user-service,,,] 3684 --- [SpringContextShutdownHook] o.s.i.channel.PublishSubscribeChannel    : Channel 'application-1.errorChannel' has 0 subscriber(s).
2020-08-14 09:38:45.886  INFO [user-service,,,] 3684 --- [SpringContextShutdownHook] o.s.i.endpoint.EventDrivenConsumer       : stopped bean '_org.springframework.integration.errorLogger'
2020-08-14 09:38:46.950  INFO [user-service,,,] 3684 --- [SpringContextShutdownHook] j.LocalContainerEntityManagerFactoryBean : Closing JPA EntityManagerFactory for persistence unit 'default'
2020-08-14 09:38:46.953  INFO [user-service,,,] 3684 --- [SpringContextShutdownHook] o.s.s.c.ThreadPoolTaskScheduler          : Shutting down ExecutorService 'taskScheduler'
2020-08-14 09:38:46.954  INFO [user-service,,,] 3684 --- [SpringContextShutdownHook] o.s.s.concurrent.ThreadPoolTaskExecutor  : Shutting down ExecutorService 'applicationTaskExecutor'
2020-08-14 09:38:46.955  INFO [user-service,,,] 3684 --- [SpringContextShutdownHook] com.zaxxer.hikari.HikariDataSource       : HikariPool-1 - Shutdown initiated...
2020-08-14 09:38:46.983  INFO [user-service,,,] 3684 --- [SpringContextShutdownHook] com.zaxxer.hikari.HikariDataSource       : HikariPool-1 - Shutdown completed.
2020-08-14 09:38:46.984  INFO [user-service,,,] 3684 --- [SpringContextShutdownHook] com.netflix.discovery.DiscoveryClient    : Shutting down DiscoveryClient ...
2020-08-14 09:38:49.987  INFO [user-service,,,] 3684 --- [SpringContextShutdownHook] com.netflix.discovery.DiscoveryClient    : Unregistering ...
2020-08-14 09:38:50.001  INFO [user-service,,,] 3684 --- [SpringContextShutdownHook] com.netflix.discovery.DiscoveryClient    : DiscoveryClient_USER-SERVICE/user-service:3c12b5838d92337565ac84462a666436 - deregister  status: 200
2020-08-14 09:38:50.034  INFO [user-service,,,] 3684 --- [SpringContextShutdownHook] com.netflix.discovery.DiscoveryClient    : Completed shut down of DiscoveryClient
